<?xml version="1.0" encoding="UTF-8"?>
<coverage generated="1614884410934" clover="3.2.0">
  <project timestamp="1614884410934" name="All files">
    <metrics statements="143" coveredstatements="30" conditionals="36" coveredconditionals="0" methods="73" coveredmethods="15" elements="252" coveredelements="45" complexity="0" loc="143" ncloc="143" packages="4" files="22" classes="22"/>
    <package name="client">
      <metrics statements="20" coveredstatements="9" conditionals="0" coveredconditionals="0" methods="14" coveredmethods="3"/>
      <file name="App.jsx" path="/Users/hayden_west/Documents/Galvanize/Cohort/hrbld15-FEC-BlueGrassBanjos/client/App.jsx">
        <metrics statements="4" coveredstatements="4" conditionals="0" coveredconditionals="0" methods="2" coveredmethods="2"/>
        <line num="16" count="3" type="stmt"/>
        <line num="17" count="3" type="stmt"/>
        <line num="23" count="3" type="stmt"/>
        <line num="24" count="3" type="stmt"/>
      </file>
      <file name="exampleData.js" path="/Users/hayden_west/Documents/Galvanize/Cohort/hrbld15-FEC-BlueGrassBanjos/client/exampleData.js">
        <metrics statements="1" coveredstatements="1" conditionals="0" coveredconditionals="0" methods="0" coveredmethods="0"/>
        <line num="1" count="2" type="stmt"/>
      </file>
      <file name="requests.js" path="/Users/hayden_west/Documents/Galvanize/Cohort/hrbld15-FEC-BlueGrassBanjos/client/requests.js">
        <metrics statements="15" coveredstatements="4" conditionals="0" coveredconditionals="0" methods="12" coveredmethods="1"/>
        <line num="1" count="3" type="stmt"/>
        <line num="3" count="3" type="stmt"/>
        <line num="5" count="3" type="stmt"/>
        <line num="9" count="0" type="stmt"/>
        <line num="11" count="0" type="stmt"/>
        <line num="14" count="0" type="stmt"/>
        <line num="19" count="0" type="stmt"/>
        <line num="21" count="0" type="stmt"/>
        <line num="24" count="0" type="stmt"/>
        <line num="30" count="0" type="stmt"/>
        <line num="32" count="0" type="stmt"/>
        <line num="35" count="0" type="stmt"/>
        <line num="43" count="1" type="stmt"/>
        <line num="45" count="0" type="stmt"/>
        <line num="48" count="0" type="stmt"/>
      </file>
    </package>
    <package name="client.components.QandA">
      <metrics statements="16" coveredstatements="13" conditionals="2" coveredconditionals="0" methods="13" coveredmethods="12"/>
      <file name="Answer.jsx" path="/Users/hayden_west/Documents/Galvanize/Cohort/hrbld15-FEC-BlueGrassBanjos/client/components/QandA/Answer.jsx">
        <metrics statements="1" coveredstatements="1" conditionals="0" coveredconditionals="0" methods="1" coveredmethods="1"/>
        <line num="6" count="1" type="stmt"/>
      </file>
      <file name="AnswerBox.jsx" path="/Users/hayden_west/Documents/Galvanize/Cohort/hrbld15-FEC-BlueGrassBanjos/client/components/QandA/AnswerBox.jsx">
        <metrics statements="1" coveredstatements="1" conditionals="0" coveredconditionals="0" methods="1" coveredmethods="1"/>
        <line num="6" count="1" type="stmt"/>
      </file>
      <file name="AnswerButtons.jsx" path="/Users/hayden_west/Documents/Galvanize/Cohort/hrbld15-FEC-BlueGrassBanjos/client/components/QandA/AnswerButtons.jsx">
        <metrics statements="1" coveredstatements="1" conditionals="0" coveredconditionals="0" methods="1" coveredmethods="1"/>
        <line num="5" count="1" type="stmt"/>
      </file>
      <file name="ButtonBox.jsx" path="/Users/hayden_west/Documents/Galvanize/Cohort/hrbld15-FEC-BlueGrassBanjos/client/components/QandA/ButtonBox.jsx">
        <metrics statements="1" coveredstatements="1" conditionals="0" coveredconditionals="0" methods="1" coveredmethods="1"/>
        <line num="5" count="1" type="stmt"/>
      </file>
      <file name="QandA.jsx" path="/Users/hayden_west/Documents/Galvanize/Cohort/hrbld15-FEC-BlueGrassBanjos/client/components/QandA/QandA.jsx">
        <metrics statements="7" coveredstatements="4" conditionals="2" coveredconditionals="0" methods="4" coveredmethods="3"/>
        <line num="14" count="1" type="stmt"/>
        <line num="15" count="1" type="stmt"/>
        <line num="21" count="1" type="stmt"/>
        <line num="22" count="0" type="cond" truecount="0" falsecount="2"/>
        <line num="23" count="0" type="stmt"/>
        <line num="25" count="0" type="stmt"/>
        <line num="31" count="1" type="stmt"/>
      </file>
      <file name="Question.jsx" path="/Users/hayden_west/Documents/Galvanize/Cohort/hrbld15-FEC-BlueGrassBanjos/client/components/QandA/Question.jsx">
        <metrics statements="1" coveredstatements="1" conditionals="0" coveredconditionals="0" methods="1" coveredmethods="1"/>
        <line num="6" count="1" type="stmt"/>
      </file>
      <file name="QuestionBox.jsx" path="/Users/hayden_west/Documents/Galvanize/Cohort/hrbld15-FEC-BlueGrassBanjos/client/components/QandA/QuestionBox.jsx">
        <metrics statements="1" coveredstatements="1" conditionals="0" coveredconditionals="0" methods="1" coveredmethods="1"/>
        <line num="7" count="1" type="stmt"/>
      </file>
      <file name="QuestionButtons.jsx" path="/Users/hayden_west/Documents/Galvanize/Cohort/hrbld15-FEC-BlueGrassBanjos/client/components/QandA/QuestionButtons.jsx">
        <metrics statements="1" coveredstatements="1" conditionals="0" coveredconditionals="0" methods="1" coveredmethods="1"/>
        <line num="5" count="1" type="stmt"/>
      </file>
      <file name="QuestionSearch.jsx" path="/Users/hayden_west/Documents/Galvanize/Cohort/hrbld15-FEC-BlueGrassBanjos/client/components/QandA/QuestionSearch.jsx">
        <metrics statements="1" coveredstatements="1" conditionals="0" coveredconditionals="0" methods="1" coveredmethods="1"/>
        <line num="5" count="1" type="stmt"/>
      </file>
      <file name="QuestionsList.jsx" path="/Users/hayden_west/Documents/Galvanize/Cohort/hrbld15-FEC-BlueGrassBanjos/client/components/QandA/QuestionsList.jsx">
        <metrics statements="1" coveredstatements="1" conditionals="0" coveredconditionals="0" methods="1" coveredmethods="1"/>
        <line num="6" count="1" type="stmt"/>
      </file>
    </package>
    <package name="client.components.RelatedProducts">
      <metrics statements="90" coveredstatements="7" conditionals="30" coveredconditionals="0" methods="40" coveredmethods="0"/>
      <file name="CompareFeature.jsx" path="/Users/hayden_west/Documents/Galvanize/Cohort/hrbld15-FEC-BlueGrassBanjos/client/components/RelatedProducts/CompareFeature.jsx">
        <metrics statements="2" coveredstatements="1" conditionals="8" coveredconditionals="0" methods="1" coveredmethods="0"/>
        <line num="3" count="2" type="stmt"/>
        <line num="4" count="0" type="stmt"/>
      </file>
      <file name="ComparisonModal.jsx" path="/Users/hayden_west/Documents/Galvanize/Cohort/hrbld15-FEC-BlueGrassBanjos/client/components/RelatedProducts/ComparisonModal.jsx">
        <metrics statements="12" coveredstatements="1" conditionals="0" coveredconditionals="0" methods="5" coveredmethods="0"/>
        <line num="4" count="2" type="stmt"/>
        <line num="5" count="0" type="stmt"/>
        <line num="6" count="0" type="stmt"/>
        <line num="7" count="0" type="stmt"/>
        <line num="9" count="0" type="stmt"/>
        <line num="10" count="0" type="stmt"/>
        <line num="11" count="0" type="stmt"/>
        <line num="13" count="0" type="stmt"/>
        <line num="14" count="0" type="stmt"/>
        <line num="16" count="0" type="stmt"/>
        <line num="19" count="0" type="stmt"/>
        <line num="26" count="0" type="stmt"/>
      </file>
      <file name="OutfitItem.jsx" path="/Users/hayden_west/Documents/Galvanize/Cohort/hrbld15-FEC-BlueGrassBanjos/client/components/RelatedProducts/OutfitItem.jsx">
        <metrics statements="15" coveredstatements="2" conditionals="8" coveredconditionals="0" methods="5" coveredmethods="0"/>
        <line num="3" count="2" type="stmt"/>
        <line num="5" count="0" type="cond" truecount="0" falsecount="2"/>
        <line num="6" count="0" type="stmt"/>
        <line num="7" count="0" type="stmt"/>
        <line num="9" count="0" type="stmt"/>
        <line num="10" count="0" type="cond" truecount="0" falsecount="2"/>
        <line num="11" count="0" type="stmt"/>
        <line num="12" count="0" type="stmt"/>
        <line num="15" count="0" type="stmt"/>
        <line num="16" count="0" type="stmt"/>
        <line num="20" count="2" type="stmt"/>
        <line num="21" count="0" type="stmt"/>
        <line num="22" count="0" type="stmt"/>
        <line num="24" count="0" type="stmt"/>
        <line num="27" count="0" type="stmt"/>
      </file>
      <file name="OutfitItemsList.jsx" path="/Users/hayden_west/Documents/Galvanize/Cohort/hrbld15-FEC-BlueGrassBanjos/client/components/RelatedProducts/OutfitItemsList.jsx">
        <metrics statements="4" coveredstatements="1" conditionals="0" coveredconditionals="0" methods="3" coveredmethods="0"/>
        <line num="4" count="2" type="stmt"/>
        <line num="5" count="0" type="stmt"/>
        <line num="6" count="0" type="stmt"/>
        <line num="8" count="0" type="stmt"/>
      </file>
      <file name="RelatedProduct.jsx" path="/Users/hayden_west/Documents/Galvanize/Cohort/hrbld15-FEC-BlueGrassBanjos/client/components/RelatedProducts/RelatedProduct.jsx">
        <metrics statements="18" coveredstatements="0" conditionals="10" coveredconditionals="0" methods="6" coveredmethods="0"/>
        <line num="6" count="0" type="stmt"/>
        <line num="7" count="0" type="stmt"/>
        <line num="10" count="0" type="stmt"/>
        <line num="11" count="0" type="stmt"/>
        <line num="12" count="0" type="stmt"/>
        <line num="16" count="0" type="stmt"/>
        <line num="23" count="0" type="cond" truecount="0" falsecount="2"/>
        <line num="24" count="0" type="stmt"/>
        <line num="25" count="0" type="stmt"/>
        <line num="27" count="0" type="stmt"/>
        <line num="28" count="0" type="cond" truecount="0" falsecount="2"/>
        <line num="29" count="0" type="stmt"/>
        <line num="30" count="0" type="stmt"/>
        <line num="33" count="0" type="stmt"/>
        <line num="34" count="0" type="stmt"/>
        <line num="40" count="0" type="stmt"/>
        <line num="42" count="0" type="stmt"/>
        <line num="44" count="0" type="stmt"/>
      </file>
      <file name="RelatedProducts.jsx" path="/Users/hayden_west/Documents/Galvanize/Cohort/hrbld15-FEC-BlueGrassBanjos/client/components/RelatedProducts/RelatedProducts.jsx">
        <metrics statements="34" coveredstatements="0" conditionals="0" coveredconditionals="0" methods="17" coveredmethods="0"/>
        <line num="14" count="0" type="stmt"/>
        <line num="15" count="0" type="stmt"/>
        <line num="20" count="0" type="stmt"/>
        <line num="21" count="0" type="stmt"/>
        <line num="22" count="0" type="stmt"/>
        <line num="26" count="0" type="stmt"/>
        <line num="27" count="0" type="stmt"/>
        <line num="31" count="0" type="stmt"/>
        <line num="37" count="0" type="stmt"/>
        <line num="43" count="0" type="stmt"/>
        <line num="49" count="0" type="stmt"/>
        <line num="50" count="0" type="stmt"/>
        <line num="51" count="0" type="stmt"/>
        <line num="52" count="0" type="stmt"/>
        <line num="57" count="0" type="stmt"/>
        <line num="58" count="0" type="stmt"/>
        <line num="59" count="0" type="stmt"/>
        <line num="64" count="0" type="stmt"/>
        <line num="65" count="0" type="stmt"/>
        <line num="66" count="0" type="stmt"/>
        <line num="67" count="0" type="stmt"/>
        <line num="69" count="0" type="stmt"/>
        <line num="71" count="0" type="stmt"/>
        <line num="76" count="0" type="stmt"/>
        <line num="77" count="0" type="stmt"/>
        <line num="81" count="0" type="stmt"/>
        <line num="82" count="0" type="stmt"/>
        <line num="83" count="0" type="stmt"/>
        <line num="85" count="0" type="stmt"/>
        <line num="89" count="0" type="stmt"/>
        <line num="90" count="0" type="stmt"/>
        <line num="94" count="0" type="stmt"/>
        <line num="95" count="0" type="stmt"/>
        <line num="99" count="0" type="stmt"/>
      </file>
      <file name="RelatedProductsList.jsx" path="/Users/hayden_west/Documents/Galvanize/Cohort/hrbld15-FEC-BlueGrassBanjos/client/components/RelatedProducts/RelatedProductsList.jsx">
        <metrics statements="3" coveredstatements="1" conditionals="0" coveredconditionals="0" methods="2" coveredmethods="0"/>
        <line num="4" count="2" type="stmt"/>
        <line num="5" count="0" type="stmt"/>
        <line num="7" count="0" type="stmt"/>
      </file>
      <file name="SelectedProduct.jsx" path="/Users/hayden_west/Documents/Galvanize/Cohort/hrbld15-FEC-BlueGrassBanjos/client/components/RelatedProducts/SelectedProduct.jsx">
        <metrics statements="2" coveredstatements="1" conditionals="4" coveredconditionals="0" methods="1" coveredmethods="0"/>
        <line num="3" count="2" type="stmt"/>
        <line num="4" count="0" type="stmt"/>
      </file>
    </package>
    <package name="client.productOverview">
      <metrics statements="17" coveredstatements="1" conditionals="4" coveredconditionals="0" methods="6" coveredmethods="0"/>
      <file name="displayOverview.jsx" path="/Users/hayden_west/Documents/Galvanize/Cohort/hrbld15-FEC-BlueGrassBanjos/client/productOverview/displayOverview.jsx">
        <metrics statements="17" coveredstatements="1" conditionals="4" coveredconditionals="0" methods="6" coveredmethods="0"/>
        <line num="4" count="2" type="stmt"/>
        <line num="8" count="0" type="stmt"/>
        <line num="9" count="0" type="stmt"/>
        <line num="13" count="0" type="stmt"/>
        <line num="14" count="0" type="stmt"/>
        <line num="18" count="0" type="stmt"/>
        <line num="19" count="0" type="cond" truecount="0" falsecount="2"/>
        <line num="20" count="0" type="stmt"/>
        <line num="22" count="0" type="stmt"/>
        <line num="30" count="0" type="stmt"/>
        <line num="31" count="0" type="cond" truecount="0" falsecount="2"/>
        <line num="32" count="0" type="stmt"/>
        <line num="34" count="0" type="stmt"/>
        <line num="42" count="0" type="stmt"/>
        <line num="43" count="0" type="stmt"/>
        <line num="44" count="0" type="stmt"/>
        <line num="45" count="0" type="stmt"/>
      </file>
    </package>
  </project>
</coverage>
