{"/home/kevin/HackReactor/SEI/FEC/hrbld15-FEC-BlueGrassBanjos/client/App.jsx": {"path":"/home/kevin/HackReactor/SEI/FEC/hrbld15-FEC-BlueGrassBanjos/client/App.jsx","statementMap":{"0":{"start":{"line":12,"column":4},"end":{"line":12,"column":17}},"1":{"start":{"line":13,"column":4},"end":{"line":15,"column":6}},"2":{"start":{"line":20,"column":4},"end":{"line":20,"column":36}},"3":{"start":{"line":24,"column":4},"end":{"line":26,"column":7}},"4":{"start":{"line":30,"column":4},"end":{"line":33,"column":7}},"5":{"start":{"line":31,"column":6},"end":{"line":31,"column":29}},"6":{"start":{"line":32,"column":6},"end":{"line":32,"column":37}},"7":{"start":{"line":37,"column":4},"end":{"line":43,"column":6}}},"fnMap":{"0":{"name":"(anonymous_0)","decl":{"start":{"line":11,"column":2},"end":{"line":11,"column":3}},"loc":{"start":{"line":11,"column":21},"end":{"line":17,"column":3}},"line":11},"1":{"name":"(anonymous_1)","decl":{"start":{"line":19,"column":2},"end":{"line":19,"column":3}},"loc":{"start":{"line":19,"column":22},"end":{"line":21,"column":3}},"line":19},"2":{"name":"(anonymous_2)","decl":{"start":{"line":23,"column":2},"end":{"line":23,"column":3}},"loc":{"start":{"line":23,"column":27},"end":{"line":27,"column":3}},"line":23},"3":{"name":"(anonymous_3)","decl":{"start":{"line":29,"column":2},"end":{"line":29,"column":3}},"loc":{"start":{"line":29,"column":33},"end":{"line":34,"column":3}},"line":29},"4":{"name":"(anonymous_4)","decl":{"start":{"line":30,"column":34},"end":{"line":30,"column":35}},"loc":{"start":{"line":30,"column":49},"end":{"line":33,"column":5}},"line":30},"5":{"name":"(anonymous_5)","decl":{"start":{"line":36,"column":2},"end":{"line":36,"column":3}},"loc":{"start":{"line":36,"column":11},"end":{"line":44,"column":3}},"line":36}},"branchMap":{},"s":{"0":4,"1":4,"2":4,"3":0,"4":4,"5":0,"6":0,"7":4},"f":{"0":4,"1":4,"2":0,"3":4,"4":0,"5":4},"b":{},"_coverageSchema":"1a1c01bbd47fc00a2c39e90264f33305004495a9","hash":"c2097c844ea9b4b5557d0e733a468e0a3abd6021"}
,"/home/kevin/HackReactor/SEI/FEC/hrbld15-FEC-BlueGrassBanjos/client/exampleData.js": {"path":"/home/kevin/HackReactor/SEI/FEC/hrbld15-FEC-BlueGrassBanjos/client/exampleData.js","statementMap":{"0":{"start":{"line":1,"column":17},"end":{"line":35,"column":1}}},"fnMap":{},"branchMap":{},"s":{"0":3},"f":{},"b":{},"_coverageSchema":"1a1c01bbd47fc00a2c39e90264f33305004495a9","hash":"b9da6eb8cc00d927fc20e9605ca8afdda9275c6f"}
,"/home/kevin/HackReactor/SEI/FEC/hrbld15-FEC-BlueGrassBanjos/client/requests.js": {"path":"/home/kevin/HackReactor/SEI/FEC/hrbld15-FEC-BlueGrassBanjos/client/requests.js","statementMap":{"0":{"start":{"line":1,"column":14},"end":{"line":1,"column":30}},"1":{"start":{"line":3,"column":15},"end":{"line":3,"column":38}},"2":{"start":{"line":10,"column":27},"end":{"line":18,"column":1}},"3":{"start":{"line":11,"column":2},"end":{"line":17,"column":6}},"4":{"start":{"line":13,"column":6},"end":{"line":13,"column":27}},"5":{"start":{"line":16,"column":6},"end":{"line":16,"column":26}}},"fnMap":{"0":{"name":"(anonymous_0)","decl":{"start":{"line":10,"column":27},"end":{"line":10,"column":28}},"loc":{"start":{"line":10,"column":52},"end":{"line":18,"column":1}},"line":10},"1":{"name":"(anonymous_1)","decl":{"start":{"line":12,"column":10},"end":{"line":12,"column":11}},"loc":{"start":{"line":12,"column":20},"end":{"line":14,"column":5}},"line":12},"2":{"name":"(anonymous_2)","decl":{"start":{"line":15,"column":11},"end":{"line":15,"column":12}},"loc":{"start":{"line":15,"column":20},"end":{"line":17,"column":5}},"line":15}},"branchMap":{},"s":{"0":3,"1":3,"2":3,"3":4,"4":0,"5":0},"f":{"0":4,"1":0,"2":0},"b":{},"_coverageSchema":"1a1c01bbd47fc00a2c39e90264f33305004495a9","hash":"bfbb98473786a12c17ab9f5cc8289532da8fd861"}
,"/home/kevin/HackReactor/SEI/FEC/hrbld15-FEC-BlueGrassBanjos/client/RelatedProducts_Outfit/RelatedProduct.jsx": {"path":"/home/kevin/HackReactor/SEI/FEC/hrbld15-FEC-BlueGrassBanjos/client/RelatedProducts_Outfit/RelatedProduct.jsx","statementMap":{"0":{"start":{"line":3,"column":23},"end":{"line":9,"column":1}},"1":{"start":{"line":4,"column":2},"end":{"line":8,"column":8}}},"fnMap":{"0":{"name":"(anonymous_0)","decl":{"start":{"line":3,"column":23},"end":{"line":3,"column":24}},"loc":{"start":{"line":4,"column":2},"end":{"line":8,"column":8}},"line":4}},"branchMap":{},"s":{"0":3,"1":0},"f":{"0":0},"b":{},"_coverageSchema":"1a1c01bbd47fc00a2c39e90264f33305004495a9","hash":"67fbea2cd5e9c72f0545c626219f38f550e62d5a"}
,"/home/kevin/HackReactor/SEI/FEC/hrbld15-FEC-BlueGrassBanjos/client/RelatedProducts_Outfit/RelatedProductsList.jsx": {"path":"/home/kevin/HackReactor/SEI/FEC/hrbld15-FEC-BlueGrassBanjos/client/RelatedProducts_Outfit/RelatedProductsList.jsx","statementMap":{"0":{"start":{"line":4,"column":28},"end":{"line":10,"column":1}},"1":{"start":{"line":5,"column":2},"end":{"line":9,"column":8}},"2":{"start":{"line":7,"column":6},"end":{"line":7,"column":67}}},"fnMap":{"0":{"name":"(anonymous_0)","decl":{"start":{"line":4,"column":28},"end":{"line":4,"column":29}},"loc":{"start":{"line":5,"column":2},"end":{"line":9,"column":8}},"line":5},"1":{"name":"(anonymous_1)","decl":{"start":{"line":6,"column":24},"end":{"line":6,"column":25}},"loc":{"start":{"line":6,"column":35},"end":{"line":8,"column":5}},"line":6}},"branchMap":{},"s":{"0":3,"1":0,"2":0},"f":{"0":0,"1":0},"b":{},"_coverageSchema":"1a1c01bbd47fc00a2c39e90264f33305004495a9","hash":"25e6e736da10d8482e5c22a5268183328e2d6a45"}
}
