{"/Users/benkennedy/Documents/hrbld15-FEC-BlueGrassBanjos/client/requests.js": {"path":"/Users/benkennedy/Documents/hrbld15-FEC-BlueGrassBanjos/client/requests.js","statementMap":{"0":{"start":{"line":1,"column":14},"end":{"line":1,"column":30}},"1":{"start":{"line":3,"column":15},"end":{"line":3,"column":38}},"2":{"start":{"line":5,"column":17},"end":{"line":65,"column":1}},"3":{"start":{"line":9,"column":4},"end":{"line":15,"column":9}},"4":{"start":{"line":11,"column":8},"end":{"line":11,"column":29}},"5":{"start":{"line":14,"column":8},"end":{"line":14,"column":28}},"6":{"start":{"line":19,"column":4},"end":{"line":25,"column":9}},"7":{"start":{"line":21,"column":8},"end":{"line":21,"column":29}},"8":{"start":{"line":24,"column":8},"end":{"line":24,"column":28}},"9":{"start":{"line":30,"column":4},"end":{"line":36,"column":9}},"10":{"start":{"line":32,"column":8},"end":{"line":32,"column":29}},"11":{"start":{"line":35,"column":8},"end":{"line":35,"column":28}},"12":{"start":{"line":41,"column":4},"end":{"line":47,"column":9}},"13":{"start":{"line":43,"column":8},"end":{"line":43,"column":29}},"14":{"start":{"line":46,"column":8},"end":{"line":46,"column":28}},"15":{"start":{"line":52,"column":4},"end":{"line":58,"column":9}},"16":{"start":{"line":54,"column":8},"end":{"line":54,"column":29}},"17":{"start":{"line":57,"column":8},"end":{"line":57,"column":28}}},"fnMap":{"0":{"name":"(anonymous_0)","decl":{"start":{"line":8,"column":2},"end":{"line":8,"column":3}},"loc":{"start":{"line":8,"column":38},"end":{"line":16,"column":3}},"line":8},"1":{"name":"(anonymous_1)","decl":{"start":{"line":10,"column":12},"end":{"line":10,"column":13}},"loc":{"start":{"line":10,"column":22},"end":{"line":12,"column":7}},"line":10},"2":{"name":"(anonymous_2)","decl":{"start":{"line":13,"column":13},"end":{"line":13,"column":14}},"loc":{"start":{"line":13,"column":22},"end":{"line":15,"column":7}},"line":13},"3":{"name":"(anonymous_3)","decl":{"start":{"line":18,"column":2},"end":{"line":18,"column":3}},"loc":{"start":{"line":18,"column":40},"end":{"line":26,"column":3}},"line":18},"4":{"name":"(anonymous_4)","decl":{"start":{"line":20,"column":12},"end":{"line":20,"column":13}},"loc":{"start":{"line":20,"column":22},"end":{"line":22,"column":7}},"line":20},"5":{"name":"(anonymous_5)","decl":{"start":{"line":23,"column":13},"end":{"line":23,"column":14}},"loc":{"start":{"line":23,"column":22},"end":{"line":25,"column":7}},"line":23},"6":{"name":"(anonymous_6)","decl":{"start":{"line":29,"column":2},"end":{"line":29,"column":3}},"loc":{"start":{"line":29,"column":42},"end":{"line":37,"column":3}},"line":29},"7":{"name":"(anonymous_7)","decl":{"start":{"line":31,"column":12},"end":{"line":31,"column":13}},"loc":{"start":{"line":31,"column":22},"end":{"line":33,"column":7}},"line":31},"8":{"name":"(anonymous_8)","decl":{"start":{"line":34,"column":13},"end":{"line":34,"column":14}},"loc":{"start":{"line":34,"column":22},"end":{"line":36,"column":7}},"line":34},"9":{"name":"(anonymous_9)","decl":{"start":{"line":40,"column":2},"end":{"line":40,"column":3}},"loc":{"start":{"line":40,"column":34},"end":{"line":48,"column":3}},"line":40},"10":{"name":"(anonymous_10)","decl":{"start":{"line":42,"column":12},"end":{"line":42,"column":13}},"loc":{"start":{"line":42,"column":22},"end":{"line":44,"column":7}},"line":42},"11":{"name":"(anonymous_11)","decl":{"start":{"line":45,"column":13},"end":{"line":45,"column":14}},"loc":{"start":{"line":45,"column":22},"end":{"line":47,"column":7}},"line":45},"12":{"name":"(anonymous_12)","decl":{"start":{"line":51,"column":2},"end":{"line":51,"column":3}},"loc":{"start":{"line":51,"column":57},"end":{"line":59,"column":3}},"line":51},"13":{"name":"(anonymous_13)","decl":{"start":{"line":53,"column":12},"end":{"line":53,"column":13}},"loc":{"start":{"line":53,"column":22},"end":{"line":55,"column":7}},"line":53},"14":{"name":"(anonymous_14)","decl":{"start":{"line":56,"column":13},"end":{"line":56,"column":14}},"loc":{"start":{"line":56,"column":22},"end":{"line":58,"column":7}},"line":56}},"branchMap":{},"s":{"0":2,"1":2,"2":2,"3":0,"4":0,"5":0,"6":0,"7":0,"8":0,"9":0,"10":0,"11":0,"12":0,"13":0,"14":0,"15":2,"16":0,"17":0},"f":{"0":0,"1":0,"2":0,"3":0,"4":0,"5":0,"6":0,"7":0,"8":0,"9":0,"10":0,"11":0,"12":2,"13":0,"14":0},"b":{},"_coverageSchema":"1a1c01bbd47fc00a2c39e90264f33305004495a9","hash":"7eb384dcf3d037f0fd80f37bba14641aef97bc01"}
,"/Users/benkennedy/Documents/hrbld15-FEC-BlueGrassBanjos/client/components/QandA/Answer.jsx": {"path":"/Users/benkennedy/Documents/hrbld15-FEC-BlueGrassBanjos/client/components/QandA/Answer.jsx","statementMap":{"0":{"start":{"line":6,"column":2},"end":{"line":11,"column":4}}},"fnMap":{"0":{"name":"Answer","decl":{"start":{"line":5,"column":9},"end":{"line":5,"column":15}},"loc":{"start":{"line":5,"column":18},"end":{"line":12,"column":1}},"line":5}},"branchMap":{},"s":{"0":1},"f":{"0":1},"b":{},"_coverageSchema":"1a1c01bbd47fc00a2c39e90264f33305004495a9","hash":"e67b6283e5da36303224ec0c69d60ccb4ae95689"}
,"/Users/benkennedy/Documents/hrbld15-FEC-BlueGrassBanjos/client/components/QandA/AnswerBox.jsx": {"path":"/Users/benkennedy/Documents/hrbld15-FEC-BlueGrassBanjos/client/components/QandA/AnswerBox.jsx","statementMap":{"0":{"start":{"line":6,"column":2},"end":{"line":12,"column":4}}},"fnMap":{"0":{"name":"AnswersBox","decl":{"start":{"line":5,"column":9},"end":{"line":5,"column":19}},"loc":{"start":{"line":5,"column":22},"end":{"line":13,"column":1}},"line":5}},"branchMap":{},"s":{"0":1},"f":{"0":1},"b":{},"_coverageSchema":"1a1c01bbd47fc00a2c39e90264f33305004495a9","hash":"f8e41b405c5e30e99ebef3ffd6b1a9412aa35ca1"}
,"/Users/benkennedy/Documents/hrbld15-FEC-BlueGrassBanjos/client/components/QandA/AnswerButtons.jsx": {"path":"/Users/benkennedy/Documents/hrbld15-FEC-BlueGrassBanjos/client/components/QandA/AnswerButtons.jsx","statementMap":{"0":{"start":{"line":5,"column":2},"end":{"line":10,"column":4}}},"fnMap":{"0":{"name":"AnswerButtons","decl":{"start":{"line":4,"column":9},"end":{"line":4,"column":22}},"loc":{"start":{"line":4,"column":25},"end":{"line":11,"column":1}},"line":4}},"branchMap":{},"s":{"0":1},"f":{"0":1},"b":{},"_coverageSchema":"1a1c01bbd47fc00a2c39e90264f33305004495a9","hash":"2628dea4055384135543ed0f604a3fc715397e9c"}
,"/Users/benkennedy/Documents/hrbld15-FEC-BlueGrassBanjos/client/components/QandA/ButtonBox.jsx": {"path":"/Users/benkennedy/Documents/hrbld15-FEC-BlueGrassBanjos/client/components/QandA/ButtonBox.jsx","statementMap":{"0":{"start":{"line":5,"column":2},"end":{"line":10,"column":4}}},"fnMap":{"0":{"name":"ButtonBox","decl":{"start":{"line":4,"column":9},"end":{"line":4,"column":18}},"loc":{"start":{"line":4,"column":21},"end":{"line":11,"column":1}},"line":4}},"branchMap":{},"s":{"0":1},"f":{"0":1},"b":{},"_coverageSchema":"1a1c01bbd47fc00a2c39e90264f33305004495a9","hash":"83c5a5184c626cc9e5135a7d5b642859bc603d04"}
,"/Users/benkennedy/Documents/hrbld15-FEC-BlueGrassBanjos/client/components/QandA/QandA.jsx": {"path":"/Users/benkennedy/Documents/hrbld15-FEC-BlueGrassBanjos/client/components/QandA/QandA.jsx","statementMap":{"0":{"start":{"line":14,"column":4},"end":{"line":14,"column":17}},"1":{"start":{"line":15,"column":4},"end":{"line":17,"column":6}},"2":{"start":{"line":21,"column":4},"end":{"line":27,"column":7}},"3":{"start":{"line":22,"column":6},"end":{"line":26,"column":7}},"4":{"start":{"line":23,"column":8},"end":{"line":23,"column":25}},"5":{"start":{"line":25,"column":8},"end":{"line":25,"column":35}},"6":{"start":{"line":31,"column":4},"end":{"line":38,"column":6}}},"fnMap":{"0":{"name":"(anonymous_0)","decl":{"start":{"line":13,"column":2},"end":{"line":13,"column":3}},"loc":{"start":{"line":13,"column":21},"end":{"line":18,"column":3}},"line":13},"1":{"name":"(anonymous_1)","decl":{"start":{"line":20,"column":2},"end":{"line":20,"column":3}},"loc":{"start":{"line":20,"column":22},"end":{"line":28,"column":3}},"line":20},"2":{"name":"(anonymous_2)","decl":{"start":{"line":21,"column":67},"end":{"line":21,"column":68}},"loc":{"start":{"line":21,"column":86},"end":{"line":27,"column":5}},"line":21},"3":{"name":"(anonymous_3)","decl":{"start":{"line":30,"column":2},"end":{"line":30,"column":3}},"loc":{"start":{"line":30,"column":11},"end":{"line":39,"column":3}},"line":30}},"branchMap":{"0":{"loc":{"start":{"line":22,"column":6},"end":{"line":26,"column":7}},"type":"if","locations":[{"start":{"line":22,"column":6},"end":{"line":26,"column":7}},{"start":{"line":22,"column":6},"end":{"line":26,"column":7}}],"line":22}},"s":{"0":2,"1":2,"2":2,"3":0,"4":0,"5":0,"6":2},"f":{"0":2,"1":2,"2":0,"3":2},"b":{"0":[0,0]},"_coverageSchema":"1a1c01bbd47fc00a2c39e90264f33305004495a9","hash":"811742e6199f05d556f1be5563e15ea2bbaddbf6"}
,"/Users/benkennedy/Documents/hrbld15-FEC-BlueGrassBanjos/client/components/QandA/Question.jsx": {"path":"/Users/benkennedy/Documents/hrbld15-FEC-BlueGrassBanjos/client/components/QandA/Question.jsx","statementMap":{"0":{"start":{"line":6,"column":2},"end":{"line":11,"column":4}}},"fnMap":{"0":{"name":"Question","decl":{"start":{"line":5,"column":9},"end":{"line":5,"column":17}},"loc":{"start":{"line":5,"column":20},"end":{"line":12,"column":1}},"line":5}},"branchMap":{},"s":{"0":1},"f":{"0":1},"b":{},"_coverageSchema":"1a1c01bbd47fc00a2c39e90264f33305004495a9","hash":"aee3f0f293b044f56506f026f59314b9b41f6c9b"}
,"/Users/benkennedy/Documents/hrbld15-FEC-BlueGrassBanjos/client/components/QandA/QuestionBox.jsx": {"path":"/Users/benkennedy/Documents/hrbld15-FEC-BlueGrassBanjos/client/components/QandA/QuestionBox.jsx","statementMap":{"0":{"start":{"line":7,"column":2},"end":{"line":12,"column":4}}},"fnMap":{"0":{"name":"QuestionBox","decl":{"start":{"line":6,"column":9},"end":{"line":6,"column":20}},"loc":{"start":{"line":6,"column":23},"end":{"line":13,"column":1}},"line":6}},"branchMap":{},"s":{"0":1},"f":{"0":1},"b":{},"_coverageSchema":"1a1c01bbd47fc00a2c39e90264f33305004495a9","hash":"80c39331a5394628da21ee43b928ef5b3f4e98c0"}
,"/Users/benkennedy/Documents/hrbld15-FEC-BlueGrassBanjos/client/components/QandA/QuestionButtons.jsx": {"path":"/Users/benkennedy/Documents/hrbld15-FEC-BlueGrassBanjos/client/components/QandA/QuestionButtons.jsx","statementMap":{"0":{"start":{"line":5,"column":2},"end":{"line":10,"column":4}}},"fnMap":{"0":{"name":"QuestionButtons","decl":{"start":{"line":4,"column":9},"end":{"line":4,"column":24}},"loc":{"start":{"line":4,"column":27},"end":{"line":11,"column":1}},"line":4}},"branchMap":{},"s":{"0":1},"f":{"0":1},"b":{},"_coverageSchema":"1a1c01bbd47fc00a2c39e90264f33305004495a9","hash":"23cf49965081ba7acedb681cbdbf9edf8a8bbdfc"}
,"/Users/benkennedy/Documents/hrbld15-FEC-BlueGrassBanjos/client/components/QandA/QuestionSearch.jsx": {"path":"/Users/benkennedy/Documents/hrbld15-FEC-BlueGrassBanjos/client/components/QandA/QuestionSearch.jsx","statementMap":{"0":{"start":{"line":5,"column":2},"end":{"line":7,"column":4}}},"fnMap":{"0":{"name":"QuestionSearch","decl":{"start":{"line":4,"column":9},"end":{"line":4,"column":23}},"loc":{"start":{"line":4,"column":26},"end":{"line":8,"column":1}},"line":4}},"branchMap":{},"s":{"0":1},"f":{"0":1},"b":{},"_coverageSchema":"1a1c01bbd47fc00a2c39e90264f33305004495a9","hash":"95e8882064fbd2f48ab183fba341e646704bbc65"}
,"/Users/benkennedy/Documents/hrbld15-FEC-BlueGrassBanjos/client/components/QandA/QuestionsList.jsx": {"path":"/Users/benkennedy/Documents/hrbld15-FEC-BlueGrassBanjos/client/components/QandA/QuestionsList.jsx","statementMap":{"0":{"start":{"line":6,"column":2},"end":{"line":13,"column":4}}},"fnMap":{"0":{"name":"QuestionsList","decl":{"start":{"line":5,"column":9},"end":{"line":5,"column":22}},"loc":{"start":{"line":5,"column":25},"end":{"line":14,"column":1}},"line":5}},"branchMap":{},"s":{"0":1},"f":{"0":1},"b":{},"_coverageSchema":"1a1c01bbd47fc00a2c39e90264f33305004495a9","hash":"23d8f2cf10a076459bb6cd9bb5bc9b67ac139111"}
}
