TN:
SF:client/requests.js
FN:8,(anonymous_0)
FN:10,(anonymous_1)
FN:13,(anonymous_2)
FN:18,(anonymous_3)
FN:20,(anonymous_4)
FN:23,(anonymous_5)
FN:29,(anonymous_6)
FN:31,(anonymous_7)
FN:34,(anonymous_8)
FN:40,(anonymous_9)
FN:42,(anonymous_10)
FN:45,(anonymous_11)
FN:51,(anonymous_12)
FN:53,(anonymous_13)
FN:56,(anonymous_14)
FNF:15
FNH:1
FNDA:0,(anonymous_0)
FNDA:0,(anonymous_1)
FNDA:0,(anonymous_2)
FNDA:0,(anonymous_3)
FNDA:0,(anonymous_4)
FNDA:0,(anonymous_5)
FNDA:0,(anonymous_6)
FNDA:0,(anonymous_7)
FNDA:0,(anonymous_8)
FNDA:0,(anonymous_9)
FNDA:0,(anonymous_10)
FNDA:0,(anonymous_11)
FNDA:2,(anonymous_12)
FNDA:0,(anonymous_13)
FNDA:0,(anonymous_14)
DA:1,2
DA:3,2
DA:5,2
DA:9,0
DA:11,0
DA:14,0
DA:19,0
DA:21,0
DA:24,0
DA:30,0
DA:32,0
DA:35,0
DA:41,0
DA:43,0
DA:46,0
DA:52,2
DA:54,0
DA:57,0
LF:18
LH:4
BRF:0
BRH:0
end_of_record
TN:
SF:client/components/QandA/Answer.jsx
FN:5,Answer
FNF:1
FNH:1
FNDA:1,Answer
DA:6,1
LF:1
LH:1
BRF:0
BRH:0
end_of_record
TN:
SF:client/components/QandA/AnswerBox.jsx
FN:5,AnswersBox
FNF:1
FNH:1
FNDA:1,AnswersBox
DA:6,1
LF:1
LH:1
BRF:0
BRH:0
end_of_record
TN:
SF:client/components/QandA/AnswerButtons.jsx
FN:4,AnswerButtons
FNF:1
FNH:1
FNDA:1,AnswerButtons
DA:5,1
LF:1
LH:1
BRF:0
BRH:0
end_of_record
TN:
SF:client/components/QandA/ButtonBox.jsx
FN:4,ButtonBox
FNF:1
FNH:1
FNDA:1,ButtonBox
DA:5,1
LF:1
LH:1
BRF:0
BRH:0
end_of_record
TN:
SF:client/components/QandA/QandA.jsx
FN:13,(anonymous_0)
FN:20,(anonymous_1)
FN:21,(anonymous_2)
FN:30,(anonymous_3)
FNF:4
FNH:3
FNDA:2,(anonymous_0)
FNDA:2,(anonymous_1)
FNDA:0,(anonymous_2)
FNDA:2,(anonymous_3)
DA:14,2
DA:15,2
DA:21,2
DA:22,0
DA:23,0
DA:25,0
DA:31,2
LF:7
LH:4
BRDA:22,0,0,0
BRDA:22,0,1,0
BRF:2
BRH:0
end_of_record
TN:
SF:client/components/QandA/Question.jsx
FN:5,Question
FNF:1
FNH:1
FNDA:1,Question
DA:6,1
LF:1
LH:1
BRF:0
BRH:0
end_of_record
TN:
SF:client/components/QandA/QuestionBox.jsx
FN:6,QuestionBox
FNF:1
FNH:1
FNDA:1,QuestionBox
DA:7,1
LF:1
LH:1
BRF:0
BRH:0
end_of_record
TN:
SF:client/components/QandA/QuestionButtons.jsx
FN:4,QuestionButtons
FNF:1
FNH:1
FNDA:1,QuestionButtons
DA:5,1
LF:1
LH:1
BRF:0
BRH:0
end_of_record
TN:
SF:client/components/QandA/QuestionSearch.jsx
FN:4,QuestionSearch
FNF:1
FNH:1
FNDA:1,QuestionSearch
DA:5,1
LF:1
LH:1
BRF:0
BRH:0
end_of_record
TN:
SF:client/components/QandA/QuestionsList.jsx
FN:5,QuestionsList
FNF:1
FNH:1
FNDA:1,QuestionsList
DA:6,1
LF:1
LH:1
BRF:0
BRH:0
end_of_record
